<?xml version="1.0" encoding="UTF-8"?>
<testng-results skipped="0" failed="0" total="1" passed="1">
  <reporter-output>
  </reporter-output>
  <suite name="Command line suite" duration-ms="1780" started-at="2014-03-05T00:08:33Z" finished-at="2014-03-05T00:08:35Z">
    <groups>
    </groups>
    <test name="Command line test" duration-ms="1780" started-at="2014-03-05T00:08:33Z" finished-at="2014-03-05T00:08:35Z">
      <class name="exercise.ContactDaoTest">
        <test-method status="PASS" signature="springTestContextPrepareTestInstance()" name="springTestContextPrepareTestInstance" is-config="true" duration-ms="1567" started-at="2014-03-05T00:08:33Z" finished-at="2014-03-05T00:08:34Z">
        </test-method>
        <test-method status="PASS" signature="springTestContextBeforeTestMethod(java.lang.reflect.Method)" name="springTestContextBeforeTestMethod" is-config="true" duration-ms="126" started-at="2014-03-05T00:08:34Z" finished-at="2014-03-05T00:08:35Z">
          <params>
            <param index="0">
              <value>
                <![CDATA[public void exercise.ContactDaoTest.searchContacts()]]>
              </value>
            </param>
          </params>
        </test-method>
        <test-method status="PASS" signature="initialLoad()" name="initialLoad" is-config="true" duration-ms="30" started-at="2014-03-05T00:08:35Z" finished-at="2014-03-05T00:08:35Z">
        </test-method>
        <test-method status="PASS" signature="searchContacts()" name="searchContacts" duration-ms="41" started-at="2014-03-05T00:08:35Z" finished-at="2014-03-05T00:08:35Z">
        </test-method>
        <test-method status="PASS" signature="springTestContextAfterTestMethod(java.lang.reflect.Method)" name="springTestContextAfterTestMethod" is-config="true" duration-ms="9" started-at="2014-03-05T00:08:35Z" finished-at="2014-03-05T00:08:35Z">
          <params>
            <param index="0">
              <value>
                <![CDATA[public void exercise.ContactDaoTest.searchContacts()]]>
              </value>
            </param>
          </params>
        </test-method>
      </class>
    </test>
  </suite>
</testng-results>
